<?xml version="1.0" encoding="UTF-8"?>
<!-- Generated by org.testng.reporters.JUnitXMLReporter -->
<testsuite hostname="DESKTOP-7PEBP5S" ignored="0" name="Test" tests="1" failures="1" timestamp="2023-01-18T19:02:33 IST" time="18.621" errors="0">
  <testcase name="verifyTestCase01" time="5.113" classname="com.test.TestCase01">
    <failure type="java.lang.AssertionError" message="expected [[IPHONE, SAMSUNG GALAXY, SONY XPERIA]] but found [[null, SAMSUNG GALAXY, SONY XPERIA]]">
      <![CDATA[java.lang.AssertionError: expected [[IPHONE, SAMSUNG GALAXY, SONY XPERIA]] but found [[null, SAMSUNG GALAXY, SONY XPERIA]]
at com.april.Utility.Libraryclass.custom_Verifyorder(Libraryclass.java:76)
at com.test.TestCase01.verifyTestCase01(TestCase01.java:25)
at java.util.ArrayList.forEach(Unknown Source)
... Removed 33 stack frames]]>
    </failure>
  </testcase> <!-- verifyTestCase01 -->
</testsuite> <!-- Test -->
