<?xml version="1.0" encoding="UTF-8"?>
<!-- Generated by org.testng.reporters.JUnitXMLReporter -->
<testsuite hostname="DESKTOP-7PEBP5S" ignored="0" name="loginTest(failed)" tests="1" failures="1" timestamp="2023-01-16T19:26:08 IST" time="15.929" errors="0">
  <testcase name="verifylogin" time="0.258" classname="com.test.Logintest">
    <failure type="java.lang.NullPointerException">
      <![CDATA[java.lang.NullPointerException
at com.test.Logintest.verifylogin(Logintest.java:23)
at java.util.ArrayList.forEach(Unknown Source)
... Removed 27 stack frames]]>
    </failure>
  </testcase> <!-- verifylogin -->
</testsuite> <!-- loginTest(failed) -->
